[0.074s] Invoking command in '/home/rosuser/ros2_ws/build/cpp_pubsub': CMAKE_PREFIX_PATH=/opt/ros/humble /usr/bin/cmake --build /home/rosuser/ros2_ws/build/cpp_pubsub -- -j8 -l8
[0.558s] [35m[1mConsolidate compiler generated dependencies of target talker[0m
[0.709s] [ 50%] Built target listener
[0.817s] [ 75%] [32mBuilding CXX object CMakeFiles/talker.dir/src/publisher.cpp.o[0m
[3.816s] [01m[K/home/rosuser/ros2_ws/src/cpp_pubsub/src/publisher.cpp:11:31:[m[K [01;31m[Kerror: [m[Kâ€˜[01m[Krclpp[m[Kâ€™ has not been declared
[3.818s]    11 | class SmallPublisher : public [01;31m[Krclpp[m[K::Node{
[3.821s]       |                               [01;31m[K^~~~~[m[K
[3.822s] [01m[K/home/rosuser/ros2_ws/src/cpp_pubsub/src/publisher.cpp:11:38:[m[K [01;31m[Kerror: [m[Kexpected â€˜[01m[K{[m[Kâ€™ before â€˜[01m[KNode[m[Kâ€™
[3.824s]    11 | class SmallPublisher : public rclpp::[01;31m[KNode[m[K{
[3.824s]       |                                      [01;31m[K^~~~[m[K
[3.825s] [01m[K/home/rosuser/ros2_ws/src/cpp_pubsub/src/publisher.cpp:14:9:[m[K [01;31m[Kerror: [m[Kexpected primary-expression before â€˜[01m[Kpublic[m[Kâ€™
[3.825s]    14 |         [01;31m[Kpublic[m[K:
[3.825s]       |         [01;31m[K^~~~~~[m[K
[3.825s] [01m[K/home/rosuser/ros2_ws/src/cpp_pubsub/src/publisher.cpp:14:9:[m[K [01;31m[Kerror: [m[Kexpected â€˜[01m[K}[m[Kâ€™ before â€˜[01m[Kpublic[m[Kâ€™
[3.826s] [01m[K/home/rosuser/ros2_ws/src/cpp_pubsub/src/publisher.cpp:11:42:[m[K [01;36m[Knote: [m[Kto match this â€˜[01m[K{[m[Kâ€™
[3.826s]    11 | class SmallPublisher : public rclpp::Node[01;36m[K{[m[K
[3.826s]       |                                          [01;36m[K^[m[K
[3.827s] [01m[K/home/rosuser/ros2_ws/src/cpp_pubsub/src/publisher.cpp:29:9:[m[K [01;31m[Kerror: [m[Kexpected unqualified-id before â€˜[01m[Kprivate[m[Kâ€™
[3.829s]    29 |         [01;31m[Kprivate[m[K:
[3.829s]       |         [01;31m[K^~~~~~~[m[K
[3.830s] [01m[K/home/rosuser/ros2_ws/src/cpp_pubsub/src/publisher.cpp:33:1:[m[K [01;31m[Kerror: [m[Kexpected declaration before â€˜[01m[K}[m[Kâ€™ token
[3.830s]    33 | [01;31m[K}[m[K;
[3.830s]       | [01;31m[K^[m[K
[3.830s] [01m[K/home/rosuser/ros2_ws/src/cpp_pubsub/src/publisher.cpp:[m[K In function â€˜[01m[Kint main(int, char**)[m[Kâ€™:
[3.831s] [01m[K/home/rosuser/ros2_ws/src/cpp_pubsub/src/publisher.cpp:39:21:[m[K [01;31m[Kerror: [m[Kno matching function for call to â€˜[01m[Kspin(std::shared_ptr<SmallPublisher>)[m[Kâ€™
[3.831s]    39 |         [01;31m[Krclcpp::spin(std::make_shared<SmallPublisher>())[m[K;
[3.831s]       |         [01;31m[K~~~~~~~~~~~~^~~~~~~~~~~~~~~~~~~~~~~~~~~~~~~~~~~~[m[K
[3.831s] In file included from [01m[K/opt/ros/humble/include/rclcpp/rclcpp/rclcpp.hpp:155[m[K,
[3.831s]                  from [01m[K/home/rosuser/ros2_ws/src/cpp_pubsub/src/publisher.cpp:5[m[K:
[3.832s] [01m[K/opt/ros/humble/include/rclcpp/rclcpp/executors.hpp:45:1:[m[K [01;36m[Knote: [m[Kcandidate: â€˜[01m[Kvoid rclcpp::spin(rclcpp::node_interfaces::NodeBaseInterface::SharedPtr)[m[Kâ€™
[3.832s]    45 | [01;36m[Kspin[m[K(rclcpp::node_interfaces::NodeBaseInterface::SharedPtr node_ptr);
[3.832s]       | [01;36m[K^~~~[m[K
[3.832s] [01m[K/opt/ros/humble/include/rclcpp/rclcpp/executors.hpp:45:60:[m[K [01;36m[Knote: [m[K  no known conversion for argument 1 from â€˜[01m[Kshared_ptr<[01;32m[KSmallPublisher[m[K>[m[Kâ€™ to â€˜[01m[Kshared_ptr<[01;32m[Krclcpp::node_interfaces::NodeBaseInterface[m[K>[m[Kâ€™
[3.832s]    45 | spin([01;36m[Krclcpp::node_interfaces::NodeBaseInterface::SharedPtr node_ptr[m[K);
[3.833s]       |      [01;36m[K~~~~~~~~~~~~~~~~~~~~~~~~~~~~~~~~~~~~~~~~~~~~~~~~~~~~~~^~~~~~~~[m[K
[3.833s] [01m[K/opt/ros/humble/include/rclcpp/rclcpp/executors.hpp:49:1:[m[K [01;36m[Knote: [m[Kcandidate: â€˜[01m[Kvoid rclcpp::spin(rclcpp::Node::SharedPtr)[m[Kâ€™
[3.835s]    49 | [01;36m[Kspin[m[K(rclcpp::Node::SharedPtr node_ptr);
[3.835s]       | [01;36m[K^~~~[m[K
[3.836s] [01m[K/opt/ros/humble/include/rclcpp/rclcpp/executors.hpp:49:30:[m[K [01;36m[Knote: [m[K  no known conversion for argument 1 from â€˜[01m[Kshared_ptr<[01;32m[KSmallPublisher[m[K>[m[Kâ€™ to â€˜[01m[Kshared_ptr<[01;32m[Krclcpp::Node[m[K>[m[Kâ€™
[3.836s]    49 | spin([01;36m[Krclcpp::Node::SharedPtr node_ptr[m[K);
[3.836s]       |      [01;36m[K~~~~~~~~~~~~~~~~~~~~~~~~^~~~~~~~[m[K
[4.190s] In file included from [01m[K/usr/include/c++/11/bits/shared_ptr_base.h:60[m[K,
[4.190s]                  from [01m[K/usr/include/c++/11/bits/shared_ptr.h:53[m[K,
[4.190s]                  from [01m[K/usr/include/c++/11/memory:77[m[K,
[4.191s]                  from [01m[K/home/rosuser/ros2_ws/src/cpp_pubsub/src/publisher.cpp:2[m[K:
[4.191s] /usr/include/c++/11/ext/aligned_buffer.h: In instantiation of â€˜[01m[Kstruct __gnu_cxx::__aligned_buffer<SmallPublisher>[m[Kâ€™:
[4.192s] [01m[K/usr/include/c++/11/bits/shared_ptr_base.h:506:35:[m[K   required from â€˜[01m[Kclass std::_Sp_counted_ptr_inplace<SmallPublisher, std::allocator<SmallPublisher>, __gnu_cxx::_S_atomic>::_Impl[m[Kâ€™
[4.192s] [01m[K/usr/include/c++/11/bits/shared_ptr_base.h:567:13:[m[K   required from â€˜[01m[Kclass std::_Sp_counted_ptr_inplace<SmallPublisher, std::allocator<SmallPublisher>, __gnu_cxx::_S_atomic>[m[Kâ€™
[4.192s] [01m[K/usr/include/c++/11/bits/shared_ptr_base.h:647:43:[m[K   required from â€˜[01m[Kstd::__shared_count<_Lp>::__shared_count(_Tp*&, std::_Sp_alloc_shared_tag<_Alloc>, _Args&& ...) [with _Tp = SmallPublisher; _Alloc = std::allocator<SmallPublisher>; _Args = {}; __gnu_cxx::_Lock_policy _Lp = __gnu_cxx::_S_atomic][m[Kâ€™
[4.192s] [01m[K/usr/include/c++/11/bits/shared_ptr_base.h:1342:14:[m[K   required from â€˜[01m[Kstd::__shared_ptr<_Tp, _Lp>::__shared_ptr(std::_Sp_alloc_shared_tag<_Tp>, _Args&& ...) [with _Alloc = std::allocator<SmallPublisher>; _Args = {}; _Tp = SmallPublisher; __gnu_cxx::_Lock_policy _Lp = __gnu_cxx::_S_atomic][m[Kâ€™
[4.193s] [01m[K/usr/include/c++/11/bits/shared_ptr.h:409:59:[m[K   required from â€˜[01m[Kstd::shared_ptr<_Tp>::shared_ptr(std::_Sp_alloc_shared_tag<_Tp>, _Args&& ...) [with _Alloc = std::allocator<SmallPublisher>; _Args = {}; _Tp = SmallPublisher][m[Kâ€™
[4.193s] [01m[K/usr/include/c++/11/bits/shared_ptr.h:862:14:[m[K   required from â€˜[01m[Kstd::shared_ptr<_Tp> std::allocate_shared(const _Alloc&, _Args&& ...) [with _Tp = SmallPublisher; _Alloc = std::allocator<SmallPublisher>; _Args = {}][m[Kâ€™
[4.193s] [01m[K/usr/include/c++/11/bits/shared_ptr.h:878:39:[m[K   required from â€˜[01m[Kstd::shared_ptr<_Tp> std::make_shared(_Args&& ...) [with _Tp = SmallPublisher; _Args = {}][m[Kâ€™
[4.193s] [01m[K/home/rosuser/ros2_ws/src/cpp_pubsub/src/publisher.cpp:39:47:[m[K   required from here
[4.194s] [01m[K/usr/include/c++/11/ext/aligned_buffer.h:91:28:[m[K [01;31m[Kerror: [m[Kinvalid application of â€˜[01m[Ksizeof[m[Kâ€™ to incomplete type â€˜[01m[KSmallPublisher[m[Kâ€™
[4.194s]    91 |     : std::aligned_storage<[01;31m[Ksizeof(_Tp)[m[K, __alignof__(_Tp)>
[4.194s]       |                            [01;31m[K^~~~~~~~~~~[m[K
[4.194s] [01m[K/usr/include/c++/11/ext/aligned_buffer.h:91:28:[m[K [01;31m[Kerror: [m[Kinvalid application of â€˜[01m[Ksizeof[m[Kâ€™ to incomplete type â€˜[01m[KSmallPublisher[m[Kâ€™
[4.325s] gmake[2]: *** [CMakeFiles/talker.dir/build.make:76: CMakeFiles/talker.dir/src/publisher.cpp.o] Error 1
[4.329s] gmake[1]: *** [CMakeFiles/Makefile2:139: CMakeFiles/talker.dir/all] Error 2
[4.331s] gmake: *** [Makefile:146: all] Error 2
[4.342s] Invoked command in '/home/rosuser/ros2_ws/build/cpp_pubsub' returned '2': CMAKE_PREFIX_PATH=/opt/ros/humble /usr/bin/cmake --build /home/rosuser/ros2_ws/build/cpp_pubsub -- -j8 -l8
